<?xml version="1.0" encoding="UTF-8"?>
<testng-results ignored="0" total="2" passed="2" failed="0" skipped="0">
  <reporter-output>
  </reporter-output>
  <suite started-at="2025-01-27T14:12:38 PST" name="Master Suite" finished-at="2025-01-27T14:12:56 PST" duration-ms="17518">
    <groups>
    </groups>
    <test started-at="2025-01-27T14:12:38 PST" name=" Chrome Test" finished-at="2025-01-27T14:12:56 PST" duration-ms="17518">
      <class name="testCases.TC003_DataDrivenLoginTest">
        <test-method is-config="true" signature="setup(java.lang.String)[pri:0, instance:testCases.TC003_DataDrivenLoginTest@59d016c9]" started-at="2025-01-27T14:12:38 PST" name="setup" finished-at="2025-01-27T14:12:43 PST" duration-ms="4496" status="PASS">
          <params>
            <param index="0">
              <value>
                <![CDATA[chrome]]>
              </value>
            </param>
          </params>
          <reporter-output>
          </reporter-output>
        </test-method> <!-- setup -->
        <test-method signature="verify_loginDDT(java.lang.String,java.lang.String,java.lang.String)[pri:0, instance:testCases.TC003_DataDrivenLoginTest@59d016c9]" started-at="2025-01-27T14:12:43 PST" name="verify_loginDDT" data-provider="LoginTestData" finished-at="2025-01-27T14:12:45 PST" duration-ms="1681" status="PASS">
          <params>
            <param index="0">
              <value>
                <![CDATA[testex1@gmail.com]]>
              </value>
            </param>
            <param index="1">
              <value>
                <![CDATA[abc123456]]>
              </value>
            </param>
            <param index="2">
              <value>
                <![CDATA[valid]]>
              </value>
            </param>
          </params>
          <reporter-output>
          </reporter-output>
        </test-method> <!-- verify_loginDDT -->
        <test-method signature="verify_loginDDT(java.lang.String,java.lang.String,java.lang.String)[pri:0, instance:testCases.TC003_DataDrivenLoginTest@59d016c9]" started-at="2025-01-27T14:12:45 PST" name="verify_loginDDT" data-provider="LoginTestData" finished-at="2025-01-27T14:12:56 PST" duration-ms="10935" status="PASS">
          <params>
            <param index="0">
              <value>
                <![CDATA[abc@gmail.com]]>
              </value>
            </param>
            <param index="1">
              <value>
                <![CDATA[sfsrwtgg]]>
              </value>
            </param>
            <param index="2">
              <value>
                <![CDATA[invalid]]>
              </value>
            </param>
          </params>
          <reporter-output>
          </reporter-output>
        </test-method> <!-- verify_loginDDT -->
        <test-method is-config="true" signature="teardown()[pri:0, instance:testCases.TC003_DataDrivenLoginTest@59d016c9]" started-at="2025-01-27T14:12:56 PST" name="teardown" finished-at="2025-01-27T14:12:56 PST" duration-ms="93" status="PASS">
          <reporter-output>
          </reporter-output>
        </test-method> <!-- teardown -->
      </class> <!-- testCases.TC003_DataDrivenLoginTest -->
    </test> <!--  Chrome Test -->
  </suite> <!-- Master Suite -->
</testng-results>
